<?xml version="1.0" encoding="UTF-8"?>
<!-- Generated by org.testng.reporters.JUnitReportReporter -->
<testsuite hostname="LAPTOP-PLRNA1VV" failures="0" tests="2" name="Test.ExtentReport" time="9.366" errors="0" timestamp="2024-04-25T19:50:15 IST" skipped="0">
  <testcase classname="Test.ExtentReport" name="Test1" time="5.633"/>
  <testcase classname="Test.ExtentReport" name="Test2" time="3.733"/>
</testsuite> <!-- Test.ExtentReport -->
