<?xml version="1.0" encoding="UTF-8"?>
<!-- Generated by org.testng.reporters.JUnitReportReporter -->
<testsuite hostname="LAPTOP-PLRNA1VV" failures="0" tests="1" name="Test.AmazonTestNg" time="4.358" errors="0" timestamp="2024-04-25T19:49:38 IST" skipped="0">
  <testcase classname="Test.AmazonTestNg" name="amazonsearch" time="4.358"/>
</testsuite> <!-- Test.AmazonTestNg -->
